Arguments: 
  C:\Envs\NodeJS\node.exe C:\Users\jonag\AppData\Roaming\npm\node_modules\yarn\bin\yarn.js add @types/redux-logger --dev

PATH: 
  C:\Program Files (x86)\Razer\ChromaBroadcast\bin;C:\Program Files\Razer\ChromaBroadcast\bin;C:\Program Files (x86)\Common Files\Oracle\Java\javapath;C:\Program Files\Python\Scripts\;C:\Program Files\Python\;C:\Windows\system32;C:\Windows;C:\Windows\System32\Wbem;C:\Windows\System32\WindowsPowerShell\v1.0\;C:\Windows\System32\OpenSSH\;C:\Program Files (x86)\NVIDIA Corporation\PhysX\Common;C:\Program Files\NVIDIA Corporation\NVIDIA NvDLISR;C:\Tools\Cmder\;C:\Tools\Microsoft VS Code Insiders\bin;C:\WINDOWS\system32;C:\WINDOWS;C:\WINDOWS\System32\Wbem;C:\WINDOWS\System32\WindowsPowerShell\v1.0\;C:\WINDOWS\System32\OpenSSH\;C:\Tools\Ffmpeg\bin;C:\Program Files\Java\jre1.8.0_241\bin;C:\Envs\NodeJS\;C:\WINDOWS\system32\config\systemprofile\AppData\Local\Microsoft\WindowsApps;C:\WINDOWS\system32;C:\WINDOWS;C:\WINDOWS\System32\Wbem;C:\WINDOWS\System32\WindowsPowerShell\v1.0\;C:\WINDOWS\System32\OpenSSH\;C:\Program Files\dotnet\;C:\Program Files\Microsoft SQL Server\130\Tools\Binn\;C:\Program Files\Git\cmd;C:\Users\jonag\AppData\Local\Microsoft\WindowsApps;C:\Users\jonag\AppData\Roaming\npm

Yarn version: 
  1.22.4

Node version: 
  13.12.0

Platform: 
  win32 x64

Trace: 
  Error: https://registry.yarnpkg.com/@material-ui/icons/-/icons-4.9.1.tgz: ESOCKETTIMEDOUT
      at ClientRequest.<anonymous> (C:\Users\jonag\AppData\Roaming\npm\node_modules\yarn\lib\cli.js:141375:19)
      at Object.onceWrapper (events.js:421:28)
      at ClientRequest.emit (events.js:315:20)
      at TLSSocket.emitRequestTimeout (_http_client.js:721:9)
      at Object.onceWrapper (events.js:421:28)
      at TLSSocket.emit (events.js:327:22)
      at TLSSocket.Socket._onTimeout (net.js:481:8)
      at listOnTimeout (internal/timers.js:549:17)
      at processTimers (internal/timers.js:492:7)

npm manifest: 
  {
  	"name": "media-tools",
  	"version": "0.0.1",
  	"description": "template for Electron with ReactJs rendering in TypeScript",
  	"main": "./dist/main.js",
  	"scripts": {
  		"build-main": "cross-env NODE_ENV=production webpack --config config/webpack.main.prod.config.js",
  		"build-renderer": "cross-env NODE_ENV=production webpack --config config/webpack.renderer.prod.config.js",
  		"build": "npm run build-main && npm run build-renderer",
  		"start-renderer-dev": "webpack-dev-server --config config/webpack.renderer.dev.config.js",
  		"start-main-dev": "webpack --config config/webpack.main.config.js && nodemon  -e ts,json --watch src/main -x \"electron ./dist/main.js\"",
  		"start-dev": "cross-env START_HOT=1 npm run start-renderer-dev",
  		"prestart": "npm run build",
  		"start": "electron .",
  		"lint": "eslint --ext=jsx,js,tsx,ts src",
  		"test": "jest '(\\/test\\/(?!e2e/)).*'",
  		"pretest:e2e": "npm run build",
  		"test:e2e": "jest '(\\/test\\/e2e/).*'",
  		"pack": "npm run build && electron-builder --dir",
  		"dist": "npm run build && electron-builder",
  		"postinstall": "electron-builder install-app-deps"
  	},
  	"husky": {
  		"hooks": {
  			"pre-commit": "lint-staged"
  		}
  	},
  	"lint-staged": {
  		"{src,test,mocks}/**/*.{json,css,scss,md}": [
  			"prettier --config ./.prettierrc --write"
  		],
  		"{src,test,mocks}/**/*.{js,ts,tsx}": [
  			"prettier --config ./.prettierrc --write",
  			"eslint --ext=jsx,js,ts,tsx --fix src"
  		]
  	},
  	"jest": {
  		"transform": {
  			"^.+\\.tsx?$": "ts-jest"
  		},
  		"testRegex": "(/test/.+\\.spec)\\.tsx?$",
  		"moduleFileExtensions": [
  			"ts",
  			"tsx",
  			"js",
  			"json",
  			"node"
  		],
  		"moduleNameMapper": {
  			"\\.(jpg|jpeg|png|gif|eot|otf|webp|svg|ttf|woff|woff2|mp4|webm|wav|mp3|m4a|aac|oga)$": "<rootDir>/mocks/fileMock.js",
  			"\\.(s?css|sass)$": "<rootDir>/mocks/styleMock.js"
  		}
  	},
  	"build": {
  		"productName": "Template",
  		"appId": "fr.elyspio.template-electron-react-ts",
  		"directories": {
  			"output": "release"
  		},
  		"files": [
  			"dist/",
  			"node_modules/",
  			"package.json"
  		],
  		"linux": {
  			"target": "deb"
  		},
  		"win": {
  			"target": "portable"
  		}
  	},
  	"repository": {
  		"type": "git",
  		"url": "git+ssh://git@github.com:Elyspio/media-tools.git"
  	},
  	"author": {
  		"name": "Jonathan Guichard",
  		"email": "jona.guich69@gmail.com"
  	},
  	"license": "MIT",
  	"devDependencies": {
  		"@babel/core": "^7.9.0",
  		"@babel/plugin-proposal-class-properties": "^7.8.3",
  		"@babel/plugin-proposal-decorators": "^7.8.3",
  		"@babel/polyfill": "^7.8.7",
  		"@babel/preset-env": "^7.9.5",
  		"@babel/preset-react": "^7.9.4",
  		"@babel/preset-typescript": "^7.9.0",
  		"@hot-loader/react-dom": "^16.13.0",
  		"@types/electron-devtools-installer": "^2.2.0",
  		"@types/jest": "^25.2.1",
  		"@types/material-ui": "^0.21.7",
  		"@types/react": "^16.9.34",
  		"@types/react-dom": "^16.9.6",
  		"@types/react-redux": "^7.1.7",
  		"@types/react-router-dom": "^5.1.4",
  		"@types/react-test-renderer": "^16.9.2",
  		"@types/webpack-env": "^1.15.1",
  		"@typescript-eslint/eslint-plugin": "^2.27.0",
  		"@typescript-eslint/parser": "^2.27.0",
  		"babel-loader": "^8.1.0",
  		"cross-env": "^7.0.2",
  		"css-loader": "^3.5.2",
  		"electron": "^8.2.1",
  		"electron-builder": "^22.4.1",
  		"electron-devtools-installer": "^3.0.0",
  		"eslint": "^6.8.0",
  		"eslint-config-airbnb": "^18.1.0",
  		"eslint-config-prettier": "^6.10.1",
  		"eslint-plugin-import": "^2.20.2",
  		"eslint-plugin-jsx-a11y": "^6.2.3",
  		"eslint-plugin-prettier": "^3.1.2",
  		"eslint-plugin-react": "^7.19.0",
  		"eslint-plugin-react-hooks": "^3.0.0",
  		"file-loader": "^6.0.0",
  		"fork-ts-checker-webpack-plugin": "^4.1.3",
  		"html-webpack-plugin": "^4.2.0",
  		"husky": "^4.2.5",
  		"image-webpack-loader": "^6.0.0",
  		"jest": "^25.3.0",
  		"lint-staged": "^10.1.3",
  		"node-sass": "^4.13.1",
  		"nodemon": "^2.0.3",
  		"prettier": "^2.0.4",
  		"react-hot-loader": "^4.12.20",
  		"react-test-renderer": "^16.13.1",
  		"redux-devtools-extension": "^2.13.8",
  		"redux-logger": "^3.0.6",
  		"sass-loader": "^8.0.2",
  		"source-map-loader": "^0.2.4",
  		"spectron": "^10.0.1",
  		"style-loader": "^1.1.3",
  		"ts-jest": "^25.3.1",
  		"typescript": "^3.8.3",
  		"webpack": "^4.42.1",
  		"webpack-cli": "^3.3.11",
  		"webpack-dev-server": "^3.10.3",
  		"webpack-merge": "^4.2.2"
  	},
  	"dependencies": {
  		"@material-ui/core": "^4.9.10",
  		"@material-ui/icons": "^4.9.1",
  		"@reduxjs/toolkit": "^1.3.4",
  		"react": "^16.13.1",
  		"react-dom": "^16.13.1",
  		"react-redux": "^7.2.0",
  		"react-router-dom": "^5.1.2",
  		"redux": "^4.0.5"
  	}
  }

yarn manifest: 
  No manifest

Lockfile: 
  No lockfile
